{
  "RSpec": {
    "coverage": {
      "/Users/victorcampos/Workspace/futwitter/app/controllers/application_controller.rb": [
        1,
        1,
        null
      ],
      "/Users/victorcampos/Workspace/futwitter/app/helpers/application_helper.rb": [
        1,
        null
      ],
      "/Users/victorcampos/Workspace/futwitter/app/controllers/home_controller.rb": [
        1,
        1,
        3,
        3,
        null,
        null
      ],
      "/Users/victorcampos/Workspace/futwitter/app/controllers/matches_controller.rb": [
        1,
        1,
        1,
        null,
        null
      ],
      "/Users/victorcampos/Workspace/futwitter/app/models/match.rb": [
        1,
        1,
        1,
        null,
        1,
        1,
        1,
        1,
        null
      ],
      "/Users/victorcampos/Workspace/futwitter/app/controllers/teams_controller.rb": [
        1,
        1,
        3,
        3,
        3,
        null,
        null
      ],
      "/Users/victorcampos/Workspace/futwitter/app/models/team.rb": [
        1,
        1,
        null,
        1,
        1,
        1,
        null,
        1,
        6,
        6,
        null,
        null,
        1,
        5,
        null,
        null
      ],
      "/Users/victorcampos/Workspace/futwitter/app/uploaders/badge_uploader.rb": [
        null,
        null,
        1,
        null,
        null
      ],
      "/Users/victorcampos/Workspace/futwitter/app/models/news.rb": [
        1,
        1,
        null,
        1,
        null
      ],
      "/Users/victorcampos/Workspace/futwitter/app/uploaders/image_uploader.rb": [
        null,
        null,
        1,
        null,
        null
      ]
    },
    "timestamp": 1363561808
  }
}
