{
  "RSpec": {
    "coverage": {
      "/Users/victorcampos/Workspace/futwitter/app/controllers/application_controller.rb": [
        1,
        1,
        1,
        1,
        null,
        1,
        1,
        2,
        null,
        null,
        1,
        2,
        null,
        null
      ],
      "/Users/victorcampos/Workspace/futwitter/app/helpers/application_helper.rb": [
        1,
        null
      ],
      "/Users/victorcampos/Workspace/futwitter/app/helpers/teams_helper.rb": [
        1,
        1,
        0,
        0,
        null,
        null
      ],
      "/Users/victorcampos/Workspace/futwitter/app/controllers/home_controller.rb": [
        1,
        1,
        null,
        1,
        0,
        null,
        0,
        null,
        0,
        0,
        0,
        0,
        null,
        0,
        null,
        null
      ],
      "/Users/victorcampos/Workspace/futwitter/app/controllers/matches_controller.rb": [
        1,
        1,
        0,
        0,
        0,
        null,
        null
      ],
      "/Users/victorcampos/Workspace/futwitter/app/models/match.rb": [
        1,
        1,
        null,
        1,
        1,
        null,
        1,
        1,
        1,
        null,
        1,
        null,
        null,
        1,
        1,
        1,
        null,
        1,
        0,
        null,
        null,
        1,
        0,
        null,
        null,
        1,
        0,
        null,
        null,
        1,
        0,
        null,
        null,
        1,
        0,
        null,
        null,
        1,
        0,
        null,
        null,
        1,
        0,
        null,
        null,
        1,
        0,
        null,
        null,
        1,
        0,
        null,
        null,
        1,
        0,
        null,
        null,
        1,
        0,
        null,
        null,
        1,
        0,
        null,
        null,
        1,
        0,
        null,
        null,
        1,
        0,
        null,
        null,
        1,
        0,
        null,
        null,
        1,
        1,
        0,
        null,
        null,
        1,
        0,
        null,
        null,
        1,
        0,
        null,
        null
      ],
      "/Users/victorcampos/Workspace/futwitter/app/controllers/teams_controller.rb": [
        1,
        1,
        0,
        0,
        0,
        0,
        0,
        0,
        null,
        null
      ],
      "/Users/victorcampos/Workspace/futwitter/app/models/team.rb": [
        1,
        1,
        null,
        1,
        null,
        1,
        null,
        1,
        1,
        1,
        null,
        1,
        1,
        null,
        1,
        0,
        null,
        null,
        1,
        0,
        0,
        null,
        null,
        1,
        0,
        null,
        null,
        1,
        0,
        null,
        null,
        1,
        0,
        null,
        null,
        1,
        0,
        null,
        null,
        1,
        0,
        null,
        null,
        1,
        0,
        null,
        null,
        1,
        581,
        null,
        null,
        1,
        581,
        null,
        null,
        1,
        0,
        null,
        null,
        1,
        0,
        null,
        null,
        1,
        0,
        null,
        null,
        1,
        0,
        null,
        null,
        1,
        0,
        null,
        null,
        1,
        1,
        581,
        null,
        null
      ],
      "/Users/victorcampos/Workspace/futwitter/app/uploaders/badge_uploader.rb": [
        null,
        null,
        1,
        1,
        1,
        1,
        null,
        1,
        1,
        null,
        null,
        1,
        0,
        null,
        null,
        1,
        1500,
        null,
        null,
        1,
        2664,
        null,
        null
      ],
      "/Users/victorcampos/Workspace/futwitter/app/models/championship.rb": [
        1,
        1,
        null,
        1,
        1,
        null,
        null,
        1,
        74,
        null,
        null,
        1,
        77,
        null,
        null
      ],
      "/Users/victorcampos/Workspace/futwitter/app/models/move.rb": [
        1,
        1,
        null,
        1,
        1,
        null,
        1,
        8,
        null,
        null,
        1,
        10,
        10,
        null,
        null,
        1,
        1,
        1,
        1,
        null,
        null,
        null
      ],
      "/Users/victorcampos/Workspace/futwitter/app/models/news.rb": [
        1,
        1,
        null,
        1,
        null,
        null,
        1,
        null,
        1,
        13,
        13,
        null,
        13,
        11,
        null,
        null,
        null,
        1,
        1,
        0,
        null,
        null,
        1,
        13,
        13,
        null,
        13,
        26,
        26,
        13,
        null,
        13,
        null,
        null,
        null,
        13,
        null,
        null,
        1,
        13,
        null,
        null,
        1,
        11,
        11,
        null,
        null,
        null,
        null,
        null,
        11,
        null,
        0,
        null,
        null,
        1,
        11,
        null,
        null,
        null,
        null,
        11,
        null,
        null
      ],
      "/Users/victorcampos/Workspace/futwitter/app/models/photo.rb": [
        1,
        1,
        1,
        null,
        1,
        null,
        1,
        0,
        null,
        0,
        0,
        null,
        null,
        null,
        null,
        null,
        0,
        null,
        null,
        null
      ],
      "/Users/victorcampos/Workspace/futwitter/app/models/trusted_domain.rb": [
        1,
        1,
        null
      ],
      "/Users/victorcampos/Workspace/futwitter/app/models/tweet.rb": [
        1,
        1,
        0,
        null,
        null,
        1,
        null,
        1,
        1,
        1,
        null,
        1,
        0,
        null,
        null,
        null,
        null,
        null,
        0,
        null,
        0,
        null,
        null,
        1,
        1,
        0,
        null,
        null,
        1,
        0,
        null,
        null,
        null,
        null,
        0,
        null,
        0,
        null,
        null,
        null
      ],
      "/Users/victorcampos/Workspace/futwitter/app/presenters/matches_show_presenter.rb": [
        1,
        1,
        1,
        0,
        null,
        null,
        1,
        0,
        null,
        null,
        1,
        0,
        null,
        null,
        1,
        0,
        null,
        null,
        1,
        0,
        null,
        null,
        1,
        0,
        null,
        null,
        1,
        0,
        null,
        null,
        1,
        0,
        null,
        null,
        1,
        0,
        null,
        0,
        0,
        null,
        null,
        0,
        0,
        0,
        null,
        0,
        null,
        null,
        0,
        null,
        null,
        1,
        0,
        null,
        null,
        1,
        0,
        null,
        null,
        1,
        1,
        0,
        null,
        null
      ],
      "/Users/victorcampos/Workspace/futwitter/app/services/update_match_service.rb": [
        1,
        1,
        null,
        1,
        13,
        null,
        13,
        364,
        364,
        null,
        364,
        null,
        null,
        null,
        null,
        1,
        1,
        364,
        84,
        null,
        280,
        280,
        null,
        null,
        null,
        1,
        null,
        null,
        null,
        null,
        364,
        null,
        null,
        1,
        null,
        null,
        null,
        null,
        null,
        364,
        null,
        null,
        1,
        364,
        null,
        364,
        364,
        364,
        364,
        null,
        364,
        null,
        null,
        1,
        1092,
        1092,
        1092,
        1092,
        null,
        null,
        1,
        null,
        null,
        null,
        null,
        364,
        null,
        null,
        1,
        364,
        364,
        null,
        364,
        280,
        280,
        null,
        364,
        null,
        null,
        1,
        280,
        280,
        null,
        null,
        1,
        364,
        364,
        364,
        280,
        280,
        null,
        364,
        null,
        null,
        1,
        280,
        280,
        null,
        null,
        1,
        364,
        364,
        null,
        null
      ],
      "/Users/victorcampos/Workspace/futwitter/app/services/update_moves_service.rb": [
        1,
        1,
        1,
        null,
        1,
        null,
        1,
        0,
        null,
        null,
        1,
        0,
        0,
        null,
        null,
        1,
        null,
        1,
        0,
        0,
        0,
        0,
        null,
        null,
        null,
        1,
        0,
        0,
        0,
        null,
        null,
        1,
        null,
        null,
        null,
        null,
        null,
        null,
        0,
        null,
        null,
        1,
        0,
        null,
        0,
        null,
        0,
        null,
        null,
        null,
        1,
        0,
        null,
        null,
        1,
        0,
        null,
        null,
        1,
        0,
        0,
        0,
        0,
        null,
        0,
        null,
        null
      ],
      "/Users/victorcampos/Workspace/futwitter/app/uploaders/image_uploader.rb": [
        null,
        null,
        1,
        null,
        null
      ],
      "/Users/victorcampos/Workspace/futwitter/app/workers/create_news.rb": [
        1,
        1,
        null,
        1,
        0,
        0,
        null,
        null
      ],
      "/Users/victorcampos/Workspace/futwitter/app/workers/mood.rb": [
        null,
        1,
        1,
        1,
        0,
        null,
        0,
        null,
        null,
        null,
        null,
        null,
        null,
        null,
        null,
        null,
        null,
        null,
        null,
        null,
        null,
        null,
        null,
        null,
        null,
        null,
        null,
        0,
        0,
        null,
        null,
        0,
        null,
        null
      ],
      "/Users/victorcampos/Workspace/futwitter/app/workers/twitter_stream.rb": [
        1,
        1,
        1,
        1,
        0,
        0,
        null,
        null
      ]
    },
    "timestamp": 1377551723
  }
}
