<?xml version="1.0" ?>
<!DOCTYPE coverage SYSTEM "http://cobertura.sourceforge.net/xml/coverage-04.dtd">
<coverage lines-valid="20"  lines-covered="20"  line-rate="1"  branches-valid="0"  branches-covered="0"  branch-rate="1"  timestamp="1367065567130" complexity="0" version="0.1">
<sources />
<packages>
	<package name="javascripts"  line-rate="1"  branch-rate="1" >
	<classes>
		<class name="application.js"  filename="/Users/victorcampos/Workspace/futwitter/app/assets/javascripts/application.js"  line-rate="1"  branch-rate="1" >
		<methods>
		</methods>
		<lines>
		</lines>
		</class>
	</classes>
	</package>
	<package name="javascripts.application"  line-rate="1"  branch-rate="1" >
	<classes>
		<class name="home.js.coffee"  filename="/Users/victorcampos/Workspace/futwitter/app/assets/javascripts/application/home.js.coffee"  line-rate="1"  branch-rate="1" >
		<methods>
			<method name="(anonymous_1)"  hits="1"  signature="()V"  />
			<method name="(anonymous_2)"  hits="1"  signature="()V"  />
		</methods>
		<lines>
			<line number="1"  hits="1"  branch="false" />
			<line number="2"  hits="1"  branch="false" />
			<line number="3"  hits="1"  branch="false" />
			<line number="5"  hits="1"  branch="false" />
		</lines>
		</class>
	</classes>
	</package>
	<package name="javascripts.application.models"  line-rate="1"  branch-rate="1" >
	<classes>
		<class name="championshipFilter.js.coffee"  filename="/Users/victorcampos/Workspace/futwitter/app/assets/javascripts/application/models/championshipFilter.js.coffee"  line-rate="1"  branch-rate="1" >
		<methods>
			<method name="(anonymous_1)"  hits="1"  signature="()V"  />
			<method name="(anonymous_2)"  hits="1"  signature="()V"  />
			<method name="ChampionshipFilter"  hits="12"  signature="()V"  />
			<method name="(anonymous_4)"  hits="1"  signature="()V"  />
			<method name="(anonymous_5)"  hits="20"  signature="()V"  />
			<method name="(anonymous_6)"  hits="18"  signature="()V"  />
		</methods>
		<lines>
			<line number="1"  hits="1"  branch="false" />
			<line number="2"  hits="1"  branch="false" />
			<line number="4"  hits="1"  branch="false" />
			<line number="5"  hits="1"  branch="false" />
			<line number="6"  hits="12"  branch="false" />
			<line number="7"  hits="12"  branch="false" />
			<line number="8"  hits="12"  branch="false" />
			<line number="11"  hits="1"  branch="false" />
			<line number="15"  hits="1"  branch="false" />
			<line number="16"  hits="20"  branch="false" />
			<line number="19"  hits="1"  branch="false" />
			<line number="20"  hits="18"  branch="false" />
			<line number="22"  hits="18"  branch="false" />
			<line number="23"  hits="18"  branch="false" />
			<line number="24"  hits="18"  branch="false" />
			<line number="27"  hits="1"  branch="false" />
		</lines>
		</class>
	</classes>
	</package>
</packages>
</coverage>
